<?xml version="1.0" encoding="UTF-8"?>
<!-- Generated by org.testng.reporters.JUnitXMLReporter -->
<testsuite ignored="0" hostname="DESKTOP-NIVEDHYA" failures="5" tests="5" name="LoginTests" time="33.448" errors="0" timestamp="2025-03-24T10:36:26 EDT">
  <testcase classname="tests.LoginTest" name="testInvalidLogin" time="0.68">
    <failure type="java.lang.IllegalAccessError" message="class pages.LoginPage (in unnamed module @0x1c4af82c) cannot access class jdk.internal.org.jline.utils.Log (in module jdk.internal.le) because module jdk.internal.le does not export jdk.internal.org.jline.utils to unnamed module @0x1c4af82c">
      <![CDATA[java.lang.IllegalAccessError: class pages.LoginPage (in unnamed module @0x1c4af82c) cannot access class jdk.internal.org.jline.utils.Log (in module jdk.internal.le) because module jdk.internal.le does not export jdk.internal.org.jline.utils to unnamed module @0x1c4af82c
at pages.LoginPage.clickLogin(LoginPage.java:50)
at tests.LoginTest.testInvalidLogin(LoginTest.java:92)
at java.base/java.util.ArrayList.forEach(ArrayList.java:1596)
... Removed 25 stack frames]]>
    </failure>
  </testcase> <!-- testInvalidLogin -->
  <testcase classname="tests.LoginTest" name="testInvalidLogin" time="0.617">
    <failure type="java.lang.IllegalAccessError" message="class pages.LoginPage (in unnamed module @0x1c4af82c) cannot access class jdk.internal.org.jline.utils.Log (in module jdk.internal.le) because module jdk.internal.le does not export jdk.internal.org.jline.utils to unnamed module @0x1c4af82c">
      <![CDATA[java.lang.IllegalAccessError: class pages.LoginPage (in unnamed module @0x1c4af82c) cannot access class jdk.internal.org.jline.utils.Log (in module jdk.internal.le) because module jdk.internal.le does not export jdk.internal.org.jline.utils to unnamed module @0x1c4af82c
at pages.LoginPage.clickLogin(LoginPage.java:50)
at tests.LoginTest.testInvalidLogin(LoginTest.java:92)
at java.base/java.util.ArrayList.forEach(ArrayList.java:1596)
... Removed 25 stack frames]]>
    </failure>
  </testcase> <!-- testInvalidLogin -->
  <testcase classname="tests.LoginTest" name="testInvalidLogin" time="0.809">
    <failure type="java.lang.IllegalAccessError" message="class pages.LoginPage (in unnamed module @0x1c4af82c) cannot access class jdk.internal.org.jline.utils.Log (in module jdk.internal.le) because module jdk.internal.le does not export jdk.internal.org.jline.utils to unnamed module @0x1c4af82c">
      <![CDATA[java.lang.IllegalAccessError: class pages.LoginPage (in unnamed module @0x1c4af82c) cannot access class jdk.internal.org.jline.utils.Log (in module jdk.internal.le) because module jdk.internal.le does not export jdk.internal.org.jline.utils to unnamed module @0x1c4af82c
at pages.LoginPage.clickLogin(LoginPage.java:50)
at tests.LoginTest.testInvalidLogin(LoginTest.java:92)
at java.base/java.util.ArrayList.forEach(ArrayList.java:1596)
... Removed 25 stack frames]]>
    </failure>
  </testcase> <!-- testInvalidLogin -->
  <testcase classname="tests.LoginTest" name="testInvalidLogin" time="0.758">
    <failure type="java.lang.IllegalAccessError" message="class pages.LoginPage (in unnamed module @0x1c4af82c) cannot access class jdk.internal.org.jline.utils.Log (in module jdk.internal.le) because module jdk.internal.le does not export jdk.internal.org.jline.utils to unnamed module @0x1c4af82c">
      <![CDATA[java.lang.IllegalAccessError: class pages.LoginPage (in unnamed module @0x1c4af82c) cannot access class jdk.internal.org.jline.utils.Log (in module jdk.internal.le) because module jdk.internal.le does not export jdk.internal.org.jline.utils to unnamed module @0x1c4af82c
at pages.LoginPage.clickLogin(LoginPage.java:50)
at tests.LoginTest.testInvalidLogin(LoginTest.java:92)
at java.base/java.util.ArrayList.forEach(ArrayList.java:1596)
... Removed 25 stack frames]]>
    </failure>
  </testcase> <!-- testInvalidLogin -->
  <testcase classname="tests.LoginTest" name="testValidLogin" time="0.835">
    <failure type="java.lang.IllegalAccessError" message="class pages.LoginPage (in unnamed module @0x1c4af82c) cannot access class jdk.internal.org.jline.utils.Log (in module jdk.internal.le) because module jdk.internal.le does not export jdk.internal.org.jline.utils to unnamed module @0x1c4af82c">
      <![CDATA[java.lang.IllegalAccessError: class pages.LoginPage (in unnamed module @0x1c4af82c) cannot access class jdk.internal.org.jline.utils.Log (in module jdk.internal.le) because module jdk.internal.le does not export jdk.internal.org.jline.utils to unnamed module @0x1c4af82c
at pages.LoginPage.clickLogin(LoginPage.java:50)
at tests.LoginTest.testValidLogin(LoginTest.java:64)
at java.base/java.util.ArrayList.forEach(ArrayList.java:1596)
... Removed 25 stack frames]]>
    </failure>
  </testcase> <!-- testValidLogin -->
</testsuite> <!-- LoginTests -->
